[2020-02-10T15:55:39.159] [DEBUG] cheese - login => username:zs,password:123456
[2020-02-10T15:55:39.160] [DEBUG] cheese - zs
[2020-02-10T15:55:39.202] [DEBUG] cheese - null
[2020-02-10T15:55:39.202] [DEBUG] cheese - null
[2020-02-10T15:55:54.864] [DEBUG] cheese - login => username:admin,password:123456
[2020-02-10T15:55:54.864] [DEBUG] cheese - admin
[2020-02-10T15:55:54.868] [DEBUG] cheese - null
[2020-02-10T15:55:54.869] [DEBUG] cheese - null
[2020-02-10T16:07:26.338] [DEBUG] cheese - login => username:admin,password:123456
[2020-02-10T16:07:26.339] [DEBUG] cheese - admin
[2020-02-10T16:07:26.450] [DEBUG] cheese - null
[2020-02-10T16:07:26.450] [DEBUG] cheese - null
[2020-02-10T21:12:26.924] [DEBUG] cheese - login => username:3232,password:432432
[2020-02-10T21:12:26.925] [DEBUG] cheese - 3232
[2020-02-10T21:12:27.023] [DEBUG] cheese - null
[2020-02-10T21:12:27.023] [DEBUG] cheese - null
[2020-02-10T21:12:32.914] [DEBUG] cheese - login => username:3232,password:432432
[2020-02-10T21:12:32.914] [DEBUG] cheese - 3232
[2020-02-10T21:12:32.916] [DEBUG] cheese - null
[2020-02-10T21:12:32.917] [DEBUG] cheese - null
[2020-02-10T21:13:03.941] [DEBUG] cheese - login => username:3213,password:231321
[2020-02-10T21:13:03.942] [DEBUG] cheese - 3213
[2020-02-10T21:13:03.943] [DEBUG] cheese - null
[2020-02-10T21:13:03.943] [DEBUG] cheese - null
[2020-02-10T21:13:52.976] [DEBUG] cheese - login => username:32321,password:321321
[2020-02-10T21:13:52.976] [DEBUG] cheese - 32321
[2020-02-10T21:13:52.978] [DEBUG] cheese - null
[2020-02-10T21:13:52.978] [DEBUG] cheese - null
[2020-02-10T21:15:02.473] [DEBUG] cheese - login => username:4324,password:4324
[2020-02-10T21:15:02.474] [DEBUG] cheese - 4324
[2020-02-10T21:15:02.475] [DEBUG] cheese - null
[2020-02-10T21:15:02.475] [DEBUG] cheese - null
[2020-02-10T21:15:07.238] [DEBUG] cheese - login => username:d32131,password:4324
[2020-02-10T21:15:07.238] [DEBUG] cheese - d32131
[2020-02-10T21:15:07.239] [DEBUG] cheese - null
[2020-02-10T21:15:07.239] [DEBUG] cheese - null
[2020-02-10T21:15:13.667] [DEBUG] cheese - login => username:admin,password:123456
[2020-02-10T21:15:13.667] [DEBUG] cheese - admin
[2020-02-10T21:15:13.670] [DEBUG] cheese - null
[2020-02-10T21:15:13.670] [DEBUG] cheese - null
[2020-02-10T21:15:38.999] [DEBUG] cheese - login => username:admin,password:123456
[2020-02-10T21:15:38.999] [DEBUG] cheese - admin
[2020-02-10T21:15:39.001] [DEBUG] cheese - null
[2020-02-10T21:15:39.001] [DEBUG] cheese - null
[2020-02-10T21:16:04.052] [DEBUG] cheese - login => username:admin,password:123456
[2020-02-10T21:16:04.053] [DEBUG] cheese - admin
[2020-02-10T21:16:04.054] [DEBUG] cheese - null
[2020-02-10T21:16:04.054] [DEBUG] cheese - null
[2020-02-10T21:16:05.245] [DEBUG] cheese - login => username:admin,password:123456
[2020-02-10T21:16:05.245] [DEBUG] cheese - admin
[2020-02-10T21:16:05.246] [DEBUG] cheese - null
[2020-02-10T21:16:05.246] [DEBUG] cheese - null
[2020-02-10T21:31:29.151] [DEBUG] cheese - login => username:admin,password:123456
[2020-02-10T21:31:29.151] [DEBUG] cheese - admin
[2020-02-10T21:31:29.154] [DEBUG] cheese - null
[2020-02-10T21:31:29.154] [DEBUG] cheese - null
[2020-02-10T21:31:32.943] [DEBUG] cheese - login => username:admin,password:1234561
[2020-02-10T21:31:32.943] [DEBUG] cheese - admin
[2020-02-10T21:31:32.945] [DEBUG] cheese - null
[2020-02-10T21:31:32.945] [DEBUG] cheese - null
[2020-02-10T21:31:33.781] [DEBUG] cheese - login => username:admin,password:1234561
[2020-02-10T21:31:33.781] [DEBUG] cheese - admin
[2020-02-10T21:31:33.783] [DEBUG] cheese - null
[2020-02-10T21:31:33.783] [DEBUG] cheese - null
[2020-02-10T21:31:34.309] [DEBUG] cheese - login => username:admin,password:1234561
[2020-02-10T21:31:34.310] [DEBUG] cheese - admin
[2020-02-10T21:31:34.311] [DEBUG] cheese - null
[2020-02-10T21:31:34.311] [DEBUG] cheese - null
[2020-02-10T21:31:34.472] [DEBUG] cheese - login => username:admin,password:1234561
[2020-02-10T21:31:34.473] [DEBUG] cheese - admin
[2020-02-10T21:31:34.474] [DEBUG] cheese - null
[2020-02-10T21:31:34.474] [DEBUG] cheese - null
[2020-02-10T21:31:34.642] [DEBUG] cheese - login => username:admin,password:1234561
[2020-02-10T21:31:34.642] [DEBUG] cheese - admin
[2020-02-10T21:31:34.644] [DEBUG] cheese - null
[2020-02-10T21:31:34.644] [DEBUG] cheese - null
[2020-02-10T21:31:34.792] [DEBUG] cheese - login => username:admin,password:1234561
[2020-02-10T21:31:34.792] [DEBUG] cheese - admin
[2020-02-10T21:31:34.794] [DEBUG] cheese - null
[2020-02-10T21:31:34.794] [DEBUG] cheese - null
[2020-02-10T21:40:53.601] [DEBUG] cheese - login => username:3213,password:213122
[2020-02-10T21:40:53.601] [DEBUG] cheese - 3213
[2020-02-10T21:40:53.604] [DEBUG] cheese - null
[2020-02-10T21:40:53.604] [DEBUG] cheese - null
[2020-02-10T21:42:36.224] [DEBUG] cheese - login => username:admin,password:123456
[2020-02-10T21:42:36.224] [DEBUG] cheese - admin
[2020-02-10T21:42:36.226] [DEBUG] cheese - null
[2020-02-10T21:42:36.226] [DEBUG] cheese - null
[2020-02-10T21:43:05.068] [DEBUG] cheese - login => username:admin,password:123456
[2020-02-10T21:43:05.068] [DEBUG] cheese - admin
[2020-02-10T21:43:05.070] [DEBUG] cheese - null
[2020-02-10T21:43:05.070] [DEBUG] cheese - null
[2020-02-10T21:48:37.984] [DEBUG] cheese - login => username:admin,password:123456
[2020-02-10T21:48:37.984] [DEBUG] cheese - admin
[2020-02-10T21:48:37.988] [DEBUG] cheese - null
[2020-02-10T21:48:37.988] [DEBUG] cheese - null
[2020-02-10T21:48:51.901] [DEBUG] cheese - login => username:admin,password:123456
[2020-02-10T21:48:51.901] [DEBUG] cheese - admin
[2020-02-10T21:48:51.903] [DEBUG] cheese - null
[2020-02-10T21:48:51.903] [DEBUG] cheese - null
[2020-02-10T21:49:09.785] [DEBUG] cheese - login => username:admin,password:123456
[2020-02-10T21:49:09.785] [DEBUG] cheese - admin
[2020-02-10T21:49:09.787] [DEBUG] cheese - null
[2020-02-10T21:49:09.787] [DEBUG] cheese - null
[2020-02-10T21:53:14.757] [DEBUG] cheese - login => username:admin,password:123456
[2020-02-10T21:53:14.757] [DEBUG] cheese - admin
[2020-02-10T21:53:14.760] [DEBUG] cheese - null
[2020-02-10T21:53:14.760] [DEBUG] cheese - null
[2020-02-10T21:55:35.280] [DEBUG] cheese - login => username:admin,password:123456
[2020-02-10T21:55:35.280] [DEBUG] cheese - admin
[2020-02-10T21:55:35.284] [DEBUG] cheese - null
[2020-02-10T21:55:35.284] [DEBUG] cheese - null
[2020-02-10T22:19:44.667] [DEBUG] cheese - login => username:admin,password:123456
[2020-02-10T22:19:44.667] [DEBUG] cheese - admin
[2020-02-10T22:19:44.671] [DEBUG] cheese - null
[2020-02-10T22:19:44.671] [DEBUG] cheese - null
[2020-02-10T22:29:40.428] [DEBUG] cheese - login => username:admin,password:123456
[2020-02-10T22:29:40.428] [DEBUG] cheese - admin
[2020-02-10T22:29:40.432] [DEBUG] cheese - null
[2020-02-10T22:29:40.432] [DEBUG] cheese - null
[2020-02-10T22:31:36.240] [DEBUG] cheese - login => username:admin,password:123456
[2020-02-10T22:31:36.240] [DEBUG] cheese - admin
[2020-02-10T22:31:36.241] [DEBUG] cheese - null
[2020-02-10T22:31:36.241] [DEBUG] cheese - null
[2020-02-10T22:37:57.290] [DEBUG] cheese - login => username:admin,password:123456
[2020-02-10T22:37:57.290] [DEBUG] cheese - admin
[2020-02-10T22:37:57.293] [DEBUG] cheese - null
[2020-02-10T22:37:57.293] [DEBUG] cheese - null
[2020-02-11T15:39:17.840] [DEBUG] cheese - login => username:admin,password:123456
[2020-02-11T15:39:17.841] [DEBUG] cheese - admin
[2020-02-11T15:39:17.953] [DEBUG] cheese - null
[2020-02-11T15:39:17.953] [DEBUG] cheese - null
[2020-02-11T15:39:22.255] [DEBUG] cheese - login => username:admin,password:123456
[2020-02-11T15:39:22.256] [DEBUG] cheese - admin
[2020-02-11T15:39:22.258] [DEBUG] cheese - null
[2020-02-11T15:39:22.258] [DEBUG] cheese - null
[2020-02-11T15:39:58.320] [DEBUG] cheese - login => username:admin,password:123456
[2020-02-11T15:39:58.320] [DEBUG] cheese - admin
[2020-02-11T15:39:58.322] [DEBUG] cheese - null
[2020-02-11T15:39:58.322] [DEBUG] cheese - null
[2020-02-11T15:42:01.879] [DEBUG] cheese - login => username:admin,password:123456
[2020-02-11T15:42:01.879] [DEBUG] cheese - admin
[2020-02-11T15:42:01.883] [DEBUG] cheese - null
[2020-02-11T15:42:01.883] [DEBUG] cheese - null
[2020-02-11T15:51:13.939] [DEBUG] cheese - login => username:admin,password:123456
[2020-02-11T15:51:13.939] [DEBUG] cheese - admin
[2020-02-11T15:51:13.942] [DEBUG] cheese - null
[2020-02-11T15:51:13.942] [DEBUG] cheese - null
[2020-02-11T15:51:16.997] [DEBUG] cheese - login => username:admin,password:123456
[2020-02-11T15:51:16.997] [DEBUG] cheese - admin
[2020-02-11T15:51:16.999] [DEBUG] cheese - null
[2020-02-11T15:51:16.999] [DEBUG] cheese - null
[2020-02-11T18:51:40.148] [DEBUG] cheese - login => username:admin,password:123456
[2020-02-11T18:51:40.148] [DEBUG] cheese - admin
[2020-02-11T18:51:40.154] [DEBUG] cheese - null
[2020-02-11T18:51:40.154] [DEBUG] cheese - null
[2020-02-11T18:55:19.256] [DEBUG] cheese - login => username:admin,password:123456
[2020-02-11T18:55:19.256] [DEBUG] cheese - admin
[2020-02-11T18:55:19.260] [DEBUG] cheese - null
[2020-02-11T18:55:19.261] [DEBUG] cheese - null
[2020-02-11T18:57:54.916] [DEBUG] cheese - login => username:admin,password:123456
[2020-02-11T18:57:54.916] [DEBUG] cheese - admin
[2020-02-11T18:57:54.920] [DEBUG] cheese - null
[2020-02-11T18:57:54.920] [DEBUG] cheese - null
[2020-02-11T18:58:34.854] [DEBUG] cheese - login => username:admin,password:123456
[2020-02-11T18:58:34.854] [DEBUG] cheese - admin
[2020-02-11T18:58:34.856] [DEBUG] cheese - null
[2020-02-11T18:58:34.856] [DEBUG] cheese - null
[2020-02-11T19:00:05.139] [DEBUG] cheese - login => username:admin,password:123456
[2020-02-11T19:00:05.139] [DEBUG] cheese - admin
[2020-02-11T19:00:05.141] [DEBUG] cheese - null
[2020-02-11T19:00:05.141] [DEBUG] cheese - null
[2020-02-11T19:01:02.547] [DEBUG] cheese - login => username:admin,password:123456
[2020-02-11T19:01:02.547] [DEBUG] cheese - admin
[2020-02-11T19:01:02.549] [DEBUG] cheese - null
[2020-02-11T19:01:02.549] [DEBUG] cheese - null
[2020-02-11T19:01:22.665] [DEBUG] cheese - login => username:admin,password:123456
[2020-02-11T19:01:22.665] [DEBUG] cheese - admin
[2020-02-11T19:01:22.667] [DEBUG] cheese - null
[2020-02-11T19:01:22.667] [DEBUG] cheese - null
[2020-02-11T19:01:49.234] [DEBUG] cheese - login => username:admin,password:123456
[2020-02-11T19:01:49.234] [DEBUG] cheese - admin
[2020-02-11T19:01:49.236] [DEBUG] cheese - null
[2020-02-11T19:01:49.236] [DEBUG] cheese - null
[2020-02-11T19:03:09.680] [DEBUG] cheese - login => username:admin,password:123456
[2020-02-11T19:03:09.681] [DEBUG] cheese - admin
[2020-02-11T19:03:09.683] [DEBUG] cheese - null
[2020-02-11T19:03:09.683] [DEBUG] cheese - null
[2020-02-11T19:03:15.661] [DEBUG] cheese - login => username:admin,password:123456
[2020-02-11T19:03:15.661] [DEBUG] cheese - admin
[2020-02-11T19:03:15.663] [DEBUG] cheese - null
[2020-02-11T19:03:15.663] [DEBUG] cheese - null
[2020-02-11T19:06:15.021] [DEBUG] cheese - login => username:admin,password:123456
[2020-02-11T19:06:15.021] [DEBUG] cheese - admin
[2020-02-11T19:06:15.025] [DEBUG] cheese - null
[2020-02-11T19:06:15.025] [DEBUG] cheese - null
[2020-02-11T19:10:23.353] [DEBUG] cheese - login => username:admin,password:123456
[2020-02-11T19:10:23.354] [DEBUG] cheese - admin
[2020-02-11T19:10:23.357] [DEBUG] cheese - null
[2020-02-11T19:10:23.357] [DEBUG] cheese - null
[2020-02-11T19:10:28.398] [DEBUG] cheese - login => username:admin,password:123456
[2020-02-11T19:10:28.398] [DEBUG] cheese - admin
[2020-02-11T19:10:28.401] [DEBUG] cheese - null
[2020-02-11T19:10:28.401] [DEBUG] cheese - null
[2020-02-11T19:12:44.895] [DEBUG] cheese - login => username:admin,password:123456
[2020-02-11T19:12:44.895] [DEBUG] cheese - admin
[2020-02-11T19:12:44.899] [DEBUG] cheese - null
[2020-02-11T19:12:44.899] [DEBUG] cheese - null
[2020-02-11T19:14:55.674] [DEBUG] cheese - login => username:admin,password:123456
[2020-02-11T19:14:55.674] [DEBUG] cheese - admin
[2020-02-11T19:14:55.679] [DEBUG] cheese - null
[2020-02-11T19:14:55.679] [DEBUG] cheese - null
[2020-02-11T19:17:07.251] [DEBUG] cheese - login => username:admin,password:123456
[2020-02-11T19:17:07.251] [DEBUG] cheese - admin
[2020-02-11T19:17:07.255] [DEBUG] cheese - null
[2020-02-11T19:17:07.255] [DEBUG] cheese - null
[2020-02-11T19:18:03.698] [DEBUG] cheese - login => username:admin,password:123456
[2020-02-11T19:18:03.698] [DEBUG] cheese - admin
[2020-02-11T19:18:03.700] [DEBUG] cheese - null
[2020-02-11T19:18:03.701] [DEBUG] cheese - null
[2020-02-11T19:30:56.014] [DEBUG] cheese - login => username:admin,password:123456
[2020-02-11T19:30:56.014] [DEBUG] cheese - admin
[2020-02-11T19:30:56.018] [DEBUG] cheese - null
[2020-02-11T19:30:56.018] [DEBUG] cheese - null
[2020-02-11T19:35:50.257] [DEBUG] cheese - login => username:admin,password:123456
[2020-02-11T19:35:50.257] [DEBUG] cheese - admin
[2020-02-11T19:35:50.259] [DEBUG] cheese - null
[2020-02-11T19:35:50.259] [DEBUG] cheese - null
[2020-02-11T19:38:25.118] [DEBUG] cheese - login => username:admin,password:123456
[2020-02-11T19:38:25.118] [DEBUG] cheese - admin
[2020-02-11T19:38:25.120] [DEBUG] cheese - null
[2020-02-11T19:38:25.120] [DEBUG] cheese - null
[2020-02-11T19:38:26.189] [DEBUG] cheese - login => username:admin,password:123456
[2020-02-11T19:38:26.189] [DEBUG] cheese - admin
[2020-02-11T19:38:26.191] [DEBUG] cheese - null
[2020-02-11T19:38:26.191] [DEBUG] cheese - null
[2020-02-11T19:38:26.990] [DEBUG] cheese - login => username:admin,password:123456
[2020-02-11T19:38:26.990] [DEBUG] cheese - admin
[2020-02-11T19:38:26.992] [DEBUG] cheese - null
[2020-02-11T19:38:26.992] [DEBUG] cheese - null
[2020-02-11T19:38:43.319] [DEBUG] cheese - login => username:admin,password:123456
[2020-02-11T19:38:43.319] [DEBUG] cheese - admin
[2020-02-11T19:38:43.320] [DEBUG] cheese - null
[2020-02-11T19:38:43.320] [DEBUG] cheese - null
[2020-02-11T21:10:57.860] [DEBUG] cheese - login => username:admin,password:123456
[2020-02-11T21:10:57.860] [DEBUG] cheese - admin
[2020-02-11T21:10:57.861] [DEBUG] cheese - null
[2020-02-11T21:10:57.861] [DEBUG] cheese - null
[2020-02-11T21:22:47.415] [DEBUG] cheese - login => username:admin,password:123456
[2020-02-11T21:22:47.415] [DEBUG] cheese - admin
[2020-02-11T21:22:47.416] [DEBUG] cheese - null
[2020-02-11T21:22:47.416] [DEBUG] cheese - null
[2020-02-11T21:36:40.086] [DEBUG] cheese - login => username:admin,password:123456
[2020-02-11T21:36:40.086] [DEBUG] cheese - admin
[2020-02-11T21:36:40.087] [DEBUG] cheese - null
[2020-02-11T21:36:40.087] [DEBUG] cheese - null
[2020-02-11T21:37:23.500] [DEBUG] cheese - login => username:admin,password:123456
[2020-02-11T21:37:23.500] [DEBUG] cheese - admin
[2020-02-11T21:37:23.502] [DEBUG] cheese - null
[2020-02-11T21:37:23.502] [DEBUG] cheese - null
[2020-02-11T21:41:50.561] [DEBUG] cheese - login => username:admin,password:123456
[2020-02-11T21:41:50.561] [DEBUG] cheese - admin
[2020-02-11T21:41:50.563] [DEBUG] cheese - null
[2020-02-11T21:41:50.563] [DEBUG] cheese - null
[2020-02-11T21:41:54.959] [DEBUG] cheese - login => username:admin,password:123456
[2020-02-11T21:41:54.959] [DEBUG] cheese - admin
[2020-02-11T21:41:54.960] [DEBUG] cheese - null
[2020-02-11T21:41:54.960] [DEBUG] cheese - null
[2020-02-11T21:42:12.795] [DEBUG] cheese - login => username:admin,password:123456
[2020-02-11T21:42:12.795] [DEBUG] cheese - admin
[2020-02-11T21:42:12.797] [DEBUG] cheese - null
[2020-02-11T21:42:12.797] [DEBUG] cheese - null
[2020-02-11T21:50:45.913] [DEBUG] cheese - login => username:admin,password:123456
[2020-02-11T21:50:45.913] [DEBUG] cheese - admin
[2020-02-11T21:50:45.914] [DEBUG] cheese - null
[2020-02-11T21:50:45.914] [DEBUG] cheese - null
[2020-02-11T22:02:25.614] [DEBUG] cheese - login => username:admin,password:123456
[2020-02-11T22:02:25.614] [DEBUG] cheese - admin
[2020-02-11T22:02:25.615] [DEBUG] cheese - null
[2020-02-11T22:02:25.615] [DEBUG] cheese - null
[2020-02-11T22:08:15.780] [DEBUG] cheese - login => username:admin,password:123456
[2020-02-11T22:08:15.780] [DEBUG] cheese - admin
[2020-02-11T22:08:15.781] [DEBUG] cheese - null
[2020-02-11T22:08:15.781] [DEBUG] cheese - null
[2020-02-11T22:13:59.009] [DEBUG] cheese - login => username:admin,password:123456
[2020-02-11T22:13:59.009] [DEBUG] cheese - admin
[2020-02-11T22:13:59.010] [DEBUG] cheese - null
[2020-02-11T22:13:59.010] [DEBUG] cheese - null
[2020-02-11T22:15:42.250] [DEBUG] cheese - login => username:admin,password:123456
[2020-02-11T22:15:42.250] [DEBUG] cheese - admin
[2020-02-11T22:15:42.251] [DEBUG] cheese - null
[2020-02-11T22:15:42.251] [DEBUG] cheese - null
[2020-02-11T22:18:44.196] [DEBUG] cheese - login => username:admin,password:123456
[2020-02-11T22:18:44.196] [DEBUG] cheese - admin
[2020-02-11T22:18:44.198] [DEBUG] cheese - null
[2020-02-11T22:18:44.198] [DEBUG] cheese - null
[2020-02-11T22:25:41.894] [DEBUG] cheese - login => username:admin,password:123456
[2020-02-11T22:25:41.894] [DEBUG] cheese - admin
[2020-02-11T22:25:41.895] [DEBUG] cheese - null
[2020-02-11T22:25:41.895] [DEBUG] cheese - null
[2020-02-11T22:25:49.317] [DEBUG] cheese - login => username:admin,password:123456
[2020-02-11T22:25:49.317] [DEBUG] cheese - admin
[2020-02-11T22:25:49.318] [DEBUG] cheese - null
[2020-02-11T22:25:49.318] [DEBUG] cheese - null
[2020-02-11T22:25:54.533] [DEBUG] cheese - login => username:admin,password:123456
[2020-02-11T22:25:54.533] [DEBUG] cheese - admin
[2020-02-11T22:25:54.534] [DEBUG] cheese - null
[2020-02-11T22:25:54.534] [DEBUG] cheese - null
[2020-02-11T22:36:39.254] [DEBUG] cheese - login => username:admin,password:123456
[2020-02-11T22:36:39.254] [DEBUG] cheese - admin
[2020-02-11T22:36:39.256] [DEBUG] cheese - null
[2020-02-11T22:36:39.256] [DEBUG] cheese - null
[2020-02-11T23:10:56.716] [DEBUG] cheese - login => username:admin,password:123456
[2020-02-11T23:10:56.716] [DEBUG] cheese - admin
[2020-02-11T23:10:56.718] [DEBUG] cheese - null
[2020-02-11T23:10:56.718] [DEBUG] cheese - null
[2020-02-12T00:41:54.411] [DEBUG] cheese - login => username:admin,password:123456
[2020-02-12T00:41:54.411] [DEBUG] cheese - admin
[2020-02-12T00:41:54.412] [DEBUG] cheese - null
[2020-02-12T00:41:54.412] [DEBUG] cheese - null
[2020-02-12T02:55:39.536] [DEBUG] cheese - login => username:admin,password:123456
[2020-02-12T02:55:39.536] [DEBUG] cheese - admin
[2020-02-12T02:55:39.538] [DEBUG] cheese - null
[2020-02-12T02:55:39.538] [DEBUG] cheese - null
[2020-02-12T03:41:36.107] [DEBUG] cheese - login => username:admin,password:123456
[2020-02-12T03:41:36.107] [DEBUG] cheese - admin
[2020-02-12T03:41:36.108] [DEBUG] cheese - null
[2020-02-12T03:41:36.108] [DEBUG] cheese - null
[2020-02-12T13:07:26.022] [DEBUG] cheese - login => username:admin,password:123456
[2020-02-12T13:07:26.023] [DEBUG] cheese - admin
[2020-02-12T13:07:26.128] [DEBUG] cheese - null
[2020-02-12T13:07:26.128] [DEBUG] cheese - null
